# JRE version: OpenJDK Runtime Environment (8.0-b10) (build 1.8.0-292-b10)
# Java VM: OpenJDK 64-Bit Server VM (25.71-b10 mixed mode windows-amd64 compressed oops)
Heap:
 PSYoungGen      total 37888K, used 766K [0x00000000d6980000, 0x00000000d9380000, 0x0000000100000000)
  eden space 32768K, 2% used [0x00000000d6980000,0x00000000d6a3fa78,0x00000000d8980000)
  from space 5120K, 0% used [0x00000000d8980000,0x00000000d8980000,0x00000000d8e80000)
  to   space 5120K, 0% used [0x00000000d8e80000,0x00000000d8e80000,0x00000000d9380000)
 ParOldGen       total 63488K, used 5911K [0x0000000083c00000, 0x0000000087a00000, 0x00000000d6980000)
  object space 63488K, 9% used [0x0000000083c00000,0x00000000841c5fd8,0x0000000087a00000)
 Metaspace       used 22010K, capacity 22568K, committed 22912K, reserved 1075200K
  class space    used 2959K, capacity 3117K, committed 3200K, reserved 1048576K
GC Heap History (6 events):
Event: 0.611 GC heap before
{Heap before GC invocations=1 (full 0):
 PSYoungGen      total 37888K, used 24268K [0x00000000d6980000, 0x00000000d9380000, 0x0000000100000000)
  eden space 32768K, 74% used [0x00000000d6980000,0x00000000d81331a0,0x00000000d8980000)
  from space 5120K, 0% used [0x00000000d8e80000,0x00000000d8e80000,0x00000000d9380000)
  to   space 5120K, 0% used [0x00000000d8980000,0x00000000d8980000,0x00000000d8e80000)
 ParOldGen       total 86016K, used 0K [0x0000000083c00000, 0x0000000089000000, 0x00000000d6980000)
  object space 86016K, 0% used [0x0000000083c00000,0x0000000083c00000,0x0000000089000000)
 Metaspace       used 10751K, capacity 10978K, committed 11136K, reserved 1058816K
  class space    used 1338K, capacity 1401K, committed 1408K, reserved 1048576K
Event: 0.614 GC heap after
Heap after GC invocations=1 (full 0):
 PSYoungGen      total 37888K, used 4383K [0x00000000d6980000, 0x00000000d9380000, 0x0000000100000000)
  eden space 32768K, 0% used [0x00000000d6980000,0x00000000d6980000,0x00000000d8980000)
  from space 5120K, 85% used [0x00000000d8980000,0x00000000d8dc7d18,0x00000000d8e80000)
  to   space 5120K, 0% used [0x00000000d8e80000,0x00000000d8e80000,0x00000000d9380000)
 ParOldGen       total 86016K, used 16K [0x0000000083c00000, 0x0000000089000000, 0x00000000d6980000)
  object space 86016K, 0% used [0x0000000083c00000,0x0000000083c04000,0x0000000089000000)
 Metaspace       used 10751K, capacity 10978K, committed 11136K, reserved 1058816K
  class space    used 1338K, capacity 1401K, committed 1408K, reserved 1048576K
}
Event: 0.614 GC heap before
{Heap before GC invocations=2 (full 1):
 PSYoungGen      total 37888K, used 4383K [0x00000000d6980000, 0x00000000d9380000, 0x0000000100000000)
  eden space 32768K, 0% used [0x00000000d6980000,0x00000000d6980000,0x00000000d8980000)
  from space 5120K, 85% used [0x00000000d8980000,0x00000000d8dc7d18,0x00000000d8e80000)
  to   space 5120K, 0% used [0x00000000d8e80000,0x00000000d8e80000,0x00000000d9380000)
 ParOldGen       total 86016K, used 16K [0x0000000083c00000, 0x0000000089000000, 0x00000000d6980000)
  object space 86016K, 0% used [0x0000000083c00000,0x0000000083c04000,0x0000000089000000)
 Metaspace       used 10751K, capacity 10978K, committed 11136K, reserved 1058816K
  class space    used 1338K, capacity 1401K, committed 1408K, reserved 1048576K
Event: 0.625 GC heap after
Heap after GC invocations=2 (full 1):
 PSYoungGen      total 37888K, used 0K [0x00000000d6980000, 0x00000000d9380000, 0x0000000100000000)
  eden space 32768K, 0% used [0x00000000d6980000,0x00000000d6980000,0x00000000d8980000)
  from space 5120K, 0% used [0x00000000d8980000,0x00000000d8980000,0x00000000d8e80000)
  to   space 5120K, 0% used [0x00000000d8e80000,0x00000000d8e80000,0x00000000d9380000)
 ParOldGen       total 63488K, used 4159K [0x0000000083c00000, 0x0000000087a00000, 0x00000000d6980000)
  object space 63488K, 6% used [0x0000000083c00000,0x000000008400fc10,0x0000000087a00000)
 Metaspace       used 10749K, capacity 10972K, committed 11136K, reserved 1058816K
  class space    used 1337K, capacity 1400K, committed 1408K, reserved 1048576K
}
Event: 0.795 GC heap before
{Heap before GC invocations=3 (full 1):
 PSYoungGen      total 37888K, used 32768K [0x00000000d6980000, 0x00000000d9380000, 0x0000000100000000)
  eden space 32768K, 100% used [0x00000000d6980000,0x00000000d8980000,0x00000000d8980000)
  from space 5120K, 0% used [0x00000000d8980000,0x00000000d8980000,0x00000000d8e80000)
  to   space 5120K, 0% used [0x00000000d8e80000,0x00000000d8e80000,0x00000000d9380000)
 ParOldGen       total 63488K, used 4159K [0x0000000083c00000, 0x0000000087a00000, 0x00000000d6980000)
  object space 63488K, 6% used [0x0000000083c00000,0x000000008400fc10,0x0000000087a00000)
 Metaspace       used 15534K, capacity 15994K, committed 16128K, reserved 1062912K
  class space    used 2079K, capacity 2204K, committed 2304K, reserved 1048576K
Event: 0.799 GC heap after
Heap after GC invocations=3 (full 1):
 PSYoungGen      total 37888K, used 4594K [0x00000000d6980000, 0x00000000d9380000, 0x0000000100000000)
  eden space 32768K, 0% used [0x00000000d6980000,0x00000000d6980000,0x00000000d8980000)
  from space 5120K, 89% used [0x00000000d8e80000,0x00000000d92fc968,0x00000000d9380000)
  to   space 5120K, 0% used [0x00000000d8980000,0x00000000d8980000,0x00000000d8e80000)
 ParOldGen       total 63488K, used 4167K [0x0000000083c00000, 0x0000000087a00000, 0x00000000d6980000)
  object space 63488K, 6% used [0x0000000083c00000,0x0000000084011c10,0x0000000087a00000)
 Metaspace       used 15534K, capacity 15994K, committed 16128K, reserved 1062912K
  class space    used 2079K, capacity 2204K, committed 2304K, reserved 1048576K
}

